<?xml version="1.0" encoding="UTF-8"?>
<!-- Generated by org.testng.reporters.JUnitReportReporter -->
<testsuite skipped="0" hostname="Elcot-PC" name="com.crm.qa.test.ContactsPageTest" tests="1" failures="0" timestamp="18 May 2020 03:58:09 GMT" time="62.981" errors="0">
  <testcase name="ValidateContactsLabelTest" time="62.981" classname="com.crm.qa.test.ContactsPageTest"/>
</testsuite> <!-- com.crm.qa.test.ContactsPageTest -->
