<?xml version="1.0" encoding="UTF-8"?>
<!-- Generated by org.testng.reporters.JUnitReportReporter -->
<testsuite skipped="0" hostname="Elcot-PC" name="MavenTestNGProject.sampleproject.GoogleTest1" tests="1" failures="0" timestamp="13 May 2020 16:21:30 GMT" time="41.653" errors="0">
  <testcase name="logoTest" time="41.653" classname="MavenTestNGProject.sampleproject.GoogleTest1"/>
</testsuite> <!-- MavenTestNGProject.sampleproject.GoogleTest1 -->
