<?xml version="1.0" encoding="UTF-8"?>
<!-- Generated by org.testng.reporters.JUnitReportReporter -->
<testsuite skipped="0" hostname="Elcot-PC" name="sampletest.GooglTest" tests="1" failures="0" timestamp="16 May 2020 04:13:02 GMT" time="33.541" errors="0">
  <testcase name="logoTest" time="33.541" classname="sampletest.GooglTest"/>
</testsuite> <!-- sampletest.GooglTest -->
