<?xml version="1.0" encoding="UTF-8"?>
<!-- Generated by org.testng.reporters.JUnitReportReporter -->
<testsuite skipped="0" hostname="Elcot-PC" name="MavenTestNGProject.sampleproject.Sampleclass" tests="1" failures="0" timestamp="13 May 2020 16:17:04 GMT" time="0.035" errors="0">
  <testcase name="sample3" time="0.035" classname="MavenTestNGProject.sampleproject.Sampleclass"/>
</testsuite> <!-- MavenTestNGProject.sampleproject.Sampleclass -->
