<?xml version="1.0" encoding="UTF-8"?>
<!-- Generated by org.testng.reporters.JUnitReportReporter -->
<testsuite skipped="0" hostname="Elcot-PC" name="com.crm.qa.test.CalendarPageTest" tests="1" failures="0" timestamp="18 May 2020 03:58:09 GMT" time="72.333" errors="0">
  <testcase name="ValidateSyncNowBtnavailabilitytest" time="72.333" classname="com.crm.qa.test.CalendarPageTest"/>
</testsuite> <!-- com.crm.qa.test.CalendarPageTest -->
