<?xml version="1.0" encoding="UTF-8"?>
<!-- Generated by org.testng.reporters.JUnitReportReporter -->
<testsuite skipped="0" hostname="Elcot-PC" name="com.crm.qa.test.LoginPageTest" tests="3" failures="0" timestamp="18 May 2020 03:58:09 GMT" time="103.439" errors="0">
  <testcase name="ForgotLinkTest" time="33.983" classname="com.crm.qa.test.LoginPageTest"/>
  <testcase name="LoginPageTitleTest" time="35.292" classname="com.crm.qa.test.LoginPageTest"/>
  <testcase name="LoginBtnTest" time="34.164" classname="com.crm.qa.test.LoginPageTest"/>
</testsuite> <!-- com.crm.qa.test.LoginPageTest -->
